Arguments: 
  /home/morganabagatini/.nvm/versions/node/v14.15.1/bin/node /usr/share/yarn/bin/yarn.js add typescrip -D

PATH: 
  /home/morganabagatini/.vscode-server/bin/ea3859d4ba2f3e577a159bc91e3074c5d85c0523/bin:/home/morganabagatini/.nvm/versions/node/v14.15.1/bin:/home/morganabagatini/.zinit/polaris/sbin:/home/morganabagatini/.zinit/polaris/bin:/usr/local/sbin:/usr/local/bin:/usr/sbin:/usr/bin:/sbin:/bin:/usr/games:/usr/local/games:/mnt/c/Program Files (x86)/Common Files/Oracle/Java/javapath:/mnt/c/Python27/:/mnt/c/Python27/Scripts:/mnt/c/ProgramData/Oracle/Java/javapath:/mnt/c/WINDOWS/system32:/mnt/c/WINDOWS:/mnt/c/WINDOWS/System32/Wbem:/mnt/c/WINDOWS/System32/WindowsPowerShell/v1.0/:/mnt/c/WINDOWS/System32/OpenSSH/:/mnt/c/Program Files (x86)/ATI Technologies/ATI.ACE/Core-Static:/mnt/c/Program Files/Git/cmd:/mnt/c/Program Files/PuTTY/:/mnt/c/Users/adm/AppData/Local/Programs/Python/Python37-32/:/mnt/c/ProgramData/chocolatey/bin:/mnt/c/Program Files/nodejs/:/mnt/c/Program Files (x86)/Yarn/bin/:/mnt/c/Program Files (x86)/Terraform:/mnt/c/Program Files/Amazon/AWSCLIV2/:/mnt/c/Program Files/dotnet/:/mnt/c/Program Files/Microsoft VS Code/bin:/mnt/c/Program Files/Java/jdk1.8.0_211/bin:/mnt/c/Users/adm/AppData/Local/Microsoft/WindowsApps:/mnt/c/Users/adm/AppData/Local/GitHubDesktop/bin:/mnt/c/Users/adm/AppData/Local/atom/bin:/mnt/c/Users/adm/AppData/Local/Programs/Microsoft VS Code/bin:/mnt/c/Users/adm/AppData/Roaming/npm:/mnt/c/Program Files/liquibase:/mnt/c/Users/adm/AppData/Local/Yarn/bin:/mnt/c/Exercism:/mnt/c/Users/adm/AppData/Local/Microsoft/WindowsApps:/mnt/c/Android/SDK/emulator:/mnt/c/Android/SDK/tools:/mnt/c/Android/SDK/tools/bin:/mnt/c/Android/SDK/platform-tools:/usr/lib/jvm/java-8-openjdk-amd64/bin:/usr/lib/jvm/java-8-openjdk-amd64/bin

Yarn version: 
  1.22.5

Node version: 
  14.15.1

Platform: 
  linux x64

Trace: 
  Error: https://registry.yarnpkg.com/typescrip: Not found
      at Request.params.callback [as _callback] (/usr/share/yarn/lib/cli.js:66988:18)
      at Request.self.callback (/usr/share/yarn/lib/cli.js:140749:22)
      at Request.emit (events.js:315:20)
      at Request.<anonymous> (/usr/share/yarn/lib/cli.js:141721:10)
      at Request.emit (events.js:315:20)
      at IncomingMessage.<anonymous> (/usr/share/yarn/lib/cli.js:141643:12)
      at Object.onceWrapper (events.js:421:28)
      at IncomingMessage.emit (events.js:327:22)
      at endReadableNT (_stream_readable.js:1327:12)
      at processTicksAndRejections (internal/process/task_queues.js:80:21)

npm manifest: 
  {
    "name": "backend",
    "version": "1.0.0",
    "main": "index.js",
    "license": "MIT"
  }

yarn manifest: 
  No manifest

Lockfile: 
  No lockfile
